  stdafx.cpp
  pcg_basic.cpp
c:\users\ricsi\documents\github\natural-language\natural_language_word\natural_language\pcg_basic.cpp(64): warning C4244: 'initializing': conversion from 'uint64_t' to 'uint32_t', possible loss of data
  Natural_Language.cpp
c:\users\ricsi\documents\github\natural-language\natural_language_word\natural_language\natural_language.cpp(35): warning C4018: '<': signed/unsigned mismatch
c:\users\ricsi\documents\github\natural-language\natural_language_word\natural_language\natural_language.cpp(163): warning C4018: '<': signed/unsigned mismatch
c:\users\ricsi\documents\github\natural-language\natural_language_word\natural_language\natural_language.cpp(173): warning C4018: '<': signed/unsigned mismatch
c:\users\ricsi\documents\github\natural-language\natural_language_word\natural_language\natural_language.cpp(183): warning C4018: '<': signed/unsigned mismatch
c:\users\ricsi\documents\github\natural-language\natural_language_word\natural_language\natural_language.cpp(189): warning C4018: '<': signed/unsigned mismatch
c:\users\ricsi\documents\github\natural-language\natural_language_word\natural_language\natural_language.cpp(246): warning C4018: '<': signed/unsigned mismatch
c:\users\ricsi\documents\github\natural-language\natural_language_word\natural_language\natural_language.cpp(373): warning C4018: '<': signed/unsigned mismatch
c:\users\ricsi\documents\github\natural-language\natural_language_word\natural_language\natural_language.cpp(383): warning C4018: '<': signed/unsigned mismatch
c:\users\ricsi\documents\github\natural-language\natural_language_word\natural_language\natural_language.cpp(393): warning C4018: '<': signed/unsigned mismatch
c:\users\ricsi\documents\github\natural-language\natural_language_word\natural_language\natural_language.cpp(399): warning C4018: '<': signed/unsigned mismatch
c:\users\ricsi\documents\github\natural-language\natural_language_word\natural_language\natural_language.cpp(456): warning C4018: '<': signed/unsigned mismatch
c:\users\ricsi\documents\github\natural-language\natural_language_word\natural_language\natural_language.cpp(583): warning C4018: '<': signed/unsigned mismatch
c:\users\ricsi\documents\github\natural-language\natural_language_word\natural_language\natural_language.cpp(593): warning C4018: '<': signed/unsigned mismatch
c:\users\ricsi\documents\github\natural-language\natural_language_word\natural_language\natural_language.cpp(603): warning C4018: '<': signed/unsigned mismatch
c:\users\ricsi\documents\github\natural-language\natural_language_word\natural_language\natural_language.cpp(609): warning C4018: '<': signed/unsigned mismatch
c:\users\ricsi\documents\github\natural-language\natural_language_word\natural_language\natural_language.cpp(666): warning C4018: '<': signed/unsigned mismatch
c:\users\ricsi\documents\github\natural-language\natural_language_word\natural_language\natural_language.cpp(793): warning C4018: '<': signed/unsigned mismatch
c:\users\ricsi\documents\github\natural-language\natural_language_word\natural_language\natural_language.cpp(803): warning C4018: '<': signed/unsigned mismatch
c:\users\ricsi\documents\github\natural-language\natural_language_word\natural_language\natural_language.cpp(813): warning C4018: '<': signed/unsigned mismatch
c:\users\ricsi\documents\github\natural-language\natural_language_word\natural_language\natural_language.cpp(819): warning C4018: '<': signed/unsigned mismatch
c:\users\ricsi\documents\github\natural-language\natural_language_word\natural_language\natural_language.cpp(876): warning C4018: '<': signed/unsigned mismatch
c:\users\ricsi\documents\github\natural-language\natural_language_word\natural_language\natural_language.cpp(1003): warning C4018: '<': signed/unsigned mismatch
c:\users\ricsi\documents\github\natural-language\natural_language_word\natural_language\natural_language.cpp(1013): warning C4018: '<': signed/unsigned mismatch
c:\users\ricsi\documents\github\natural-language\natural_language_word\natural_language\natural_language.cpp(1023): warning C4018: '<': signed/unsigned mismatch
c:\users\ricsi\documents\github\natural-language\natural_language_word\natural_language\natural_language.cpp(1029): warning C4018: '<': signed/unsigned mismatch
c:\users\ricsi\documents\github\natural-language\natural_language_word\natural_language\natural_language.cpp(1086): warning C4018: '<': signed/unsigned mismatch
c:\users\ricsi\documents\github\natural-language\natural_language_word\natural_language\natural_language.cpp(1213): warning C4018: '<': signed/unsigned mismatch
c:\users\ricsi\documents\github\natural-language\natural_language_word\natural_language\natural_language.cpp(1223): warning C4018: '<': signed/unsigned mismatch
c:\users\ricsi\documents\github\natural-language\natural_language_word\natural_language\natural_language.cpp(1233): warning C4018: '<': signed/unsigned mismatch
c:\users\ricsi\documents\github\natural-language\natural_language_word\natural_language\natural_language.cpp(1239): warning C4018: '<': signed/unsigned mismatch
c:\users\ricsi\documents\github\natural-language\natural_language_word\natural_language\natural_language.cpp(1296): warning C4018: '<': signed/unsigned mismatch
c:\users\ricsi\documents\github\natural-language\natural_language_word\natural_language\natural_language.cpp(1423): warning C4018: '<': signed/unsigned mismatch
c:\users\ricsi\documents\github\natural-language\natural_language_word\natural_language\natural_language.cpp(1433): warning C4018: '<': signed/unsigned mismatch
c:\users\ricsi\documents\github\natural-language\natural_language_word\natural_language\natural_language.cpp(1443): warning C4018: '<': signed/unsigned mismatch
c:\users\ricsi\documents\github\natural-language\natural_language_word\natural_language\natural_language.cpp(1449): warning C4018: '<': signed/unsigned mismatch
c:\users\ricsi\documents\github\natural-language\natural_language_word\natural_language\natural_language.cpp(1506): warning C4018: '<': signed/unsigned mismatch
c:\users\ricsi\documents\github\natural-language\natural_language_word\natural_language\natural_language.cpp(1633): warning C4018: '<': signed/unsigned mismatch
c:\users\ricsi\documents\github\natural-language\natural_language_word\natural_language\natural_language.cpp(1643): warning C4018: '<': signed/unsigned mismatch
c:\users\ricsi\documents\github\natural-language\natural_language_word\natural_language\natural_language.cpp(1653): warning C4018: '<': signed/unsigned mismatch
c:\users\ricsi\documents\github\natural-language\natural_language_word\natural_language\natural_language.cpp(1659): warning C4018: '<': signed/unsigned mismatch
c:\users\ricsi\documents\github\natural-language\natural_language_word\natural_language\natural_language.cpp(1716): warning C4018: '<': signed/unsigned mismatch
c:\users\ricsi\documents\github\natural-language\natural_language_word\natural_language\natural_language.cpp(1843): warning C4018: '<': signed/unsigned mismatch
c:\users\ricsi\documents\github\natural-language\natural_language_word\natural_language\natural_language.cpp(1853): warning C4018: '<': signed/unsigned mismatch
c:\users\ricsi\documents\github\natural-language\natural_language_word\natural_language\natural_language.cpp(1863): warning C4018: '<': signed/unsigned mismatch
c:\users\ricsi\documents\github\natural-language\natural_language_word\natural_language\natural_language.cpp(1869): warning C4018: '<': signed/unsigned mismatch
c:\users\ricsi\documents\github\natural-language\natural_language_word\natural_language\natural_language.cpp(1926): warning C4018: '<': signed/unsigned mismatch
c:\users\ricsi\documents\github\natural-language\natural_language_word\natural_language\natural_language.cpp(2053): warning C4018: '<': signed/unsigned mismatch
c:\users\ricsi\documents\github\natural-language\natural_language_word\natural_language\natural_language.cpp(2063): warning C4018: '<': signed/unsigned mismatch
c:\users\ricsi\documents\github\natural-language\natural_language_word\natural_language\natural_language.cpp(2073): warning C4018: '<': signed/unsigned mismatch
c:\users\ricsi\documents\github\natural-language\natural_language_word\natural_language\natural_language.cpp(2079): warning C4018: '<': signed/unsigned mismatch
  Generating Code...
  Natural_Language.vcxproj -> C:\Users\ricsi\Documents\GitHub\Natural-language\Natural_Language_word\Debug\Natural_Language.exe
  Natural_Language.vcxproj -> C:\Users\ricsi\Documents\GitHub\Natural-language\Natural_Language_word\Debug\Natural_Language.pdb (Full PDB)
