  stdafx.cpp
  pcg_basic.cpp
c:\users\ricsi\documents\github\natural-language\natural_language\natural_language\pcg_basic.cpp(64): warning C4244: 'initializing': conversion from 'uint64_t' to 'uint32_t', possible loss of data
  Natural_Language.cpp
c:\users\ricsi\documents\github\natural-language\natural_language\natural_language\natural_language.cpp(25): warning C4244: '=': conversion from 'double' to 'int', possible loss of data
c:\users\ricsi\documents\github\natural-language\natural_language\natural_language\natural_language.cpp(41): warning C4018: '<': signed/unsigned mismatch
c:\users\ricsi\documents\github\natural-language\natural_language\natural_language\natural_language.cpp(43): warning C4244: '+=': conversion from 'double' to 'int', possible loss of data
c:\users\ricsi\documents\github\natural-language\natural_language\natural_language\natural_language.cpp(44): warning C4244: '+=': conversion from 'double' to 'int', possible loss of data
c:\users\ricsi\documents\github\natural-language\natural_language\natural_language\natural_language.cpp(49): warning C4244: '+=': conversion from 'double' to 'int', possible loss of data
c:\users\ricsi\documents\github\natural-language\natural_language\natural_language\natural_language.cpp(50): warning C4244: '+=': conversion from 'double' to 'int', possible loss of data
c:\users\ricsi\documents\github\natural-language\natural_language\natural_language\natural_language.cpp(53): warning C4018: '<': signed/unsigned mismatch
c:\users\ricsi\documents\github\natural-language\natural_language\natural_language\natural_language.cpp(55): warning C4244: '+=': conversion from 'double' to 'int', possible loss of data
c:\users\ricsi\documents\github\natural-language\natural_language\natural_language\natural_language.cpp(56): warning C4244: '+=': conversion from 'double' to 'int', possible loss of data
c:\users\ricsi\documents\github\natural-language\natural_language\natural_language\natural_language.cpp(61): warning C4244: '+=': conversion from 'double' to 'int', possible loss of data
c:\users\ricsi\documents\github\natural-language\natural_language\natural_language\natural_language.cpp(62): warning C4244: '+=': conversion from 'double' to 'int', possible loss of data
c:\users\ricsi\documents\github\natural-language\natural_language\natural_language\natural_language.cpp(64): warning C4244: '+=': conversion from 'double' to 'int', possible loss of data
c:\users\ricsi\documents\github\natural-language\natural_language\natural_language\natural_language.cpp(71): warning C4244: '=': conversion from 'double' to 'int', possible loss of data
  Generating Code...
  Natural_Language.vcxproj -> C:\Users\ricsi\Documents\GitHub\Natural-language\Natural_Language\Debug\Natural_Language.exe
  Natural_Language.vcxproj -> C:\Users\ricsi\Documents\GitHub\Natural-language\Natural_Language\Debug\Natural_Language.pdb (Full PDB)
